
> frontend@0.0.0 dev
> vite

npm : [33mYou are using 
Node.js 20.18.0. Vite 
requires Node.js version 
20.19+ or 22.12+. Please 
upgrade your Node.js 
version.[39m
At line:1 char:1
+ npm run dev *> error.log
+ ~~~~~~~~~~~~~~~~~~~~~~~~
    + CategoryInfo           
   : NotSpecified: ([33mYo  
  u are us...s version.[3   
 9m:String) [], RemoteExc    
eption
    + FullyQualifiedErrorId  
   : NativeCommandError
 

  [32m[1mVITE[22m v7.1.4[39m  [2mready in [0m[1m340[22m[2m[0m ms[22m

  [32mΓ₧£[39m  [1mLocal[22m:   [36mhttp://localhost:[1m5173[22m/[39m
[2m  [32mΓ₧£[39m  [1mNetwork[22m[2m: use [22m[1m--host[22m[2m to expose[22m
[2m[32m  Γ₧£[39m[22m[2m  press [22m[1mh + enter[22m[2m to show help[22m
X [ERROR] Could not resolve 
"react-is"

    node_modules/recharts/es6
/util/ReactUtils.js:3:27:
      3 Γöé import { 
isFragment } from 'react-is';
        Γò╡                  
          ~~~~~~~~~~

  You can mark the path 
"react-is" as external to 
exclude it from the bundle, 
which will remove this error 
and leave the unresolved 
path in the bundle.

C:\Users\ANSH 
KUMAR\OneDrive\Desktop\Air 
Quality Trends Analysis Proje
ct\Air-Quality-Trends-Analysi
s-Project\frontend\node_modul
es\esbuild\lib\main.js:1467
  let error = new 
Error(text);
              ^

Error: [31mError during 
dependency optimization:

[39m[31mX [41;31m[[41;97m
ERROR[41;31m][0m [1mCould 
not resolve "react-is"[0m

    node_modules/recharts/es6
/util/ReactUtils.js:3:27:
[37m      3 Γöé import { 
isFragment } from 
[32m'react-is'[37m;
        Γò╡                  
          [32m~~~~~~~~~~[0m

  You can mark the path 
"react-is" as external to 
exclude it from the bundle, 
which will remove this error 
and leave the unresolved 
path in the bundle.


    at failureErrorWithLog 
(C:\Users\ANSH 
KUMAR\OneDrive\Desktop\Air 
Quality Trends Analysis Proje
ct\Air-Quality-Trends-Analysi
s-Project\frontend\node_modul
es\esbuild\lib\main.js:1467:1
5)
    at C:\Users\ANSH 
KUMAR\OneDrive\Desktop\Air 
Quality Trends Analysis Proje
ct\Air-Quality-Trends-Analysi
s-Project\frontend\node_modul
es\esbuild\lib\main.js:926:25
    at C:\Users\ANSH 
KUMAR\OneDrive\Desktop\Air 
Quality Trends Analysis Proje
ct\Air-Quality-Trends-Analysi
s-Project\frontend\node_modul
es\esbuild\lib\main.js:1345:9
    at process.processTicksAn
dRejections (node:internal/pr
ocess/task_queues:95:5) {
  errors: [Getter/Setter],
  warnings: [Getter/Setter]
}

Node.js v20.18.0
